Aug 13 2023 21:34:19
{"type":8192,"message":"Creation of dynamic property WC_Connect_Loader::$label_reports is deprecated","file":"C:\\xampp\\htdocs\\clad\\wp-content\\plugins\\woocommerce-services\\woocommerce-services.php","line":515}

Aug 13 2023 21:34:22
{"type":8192,"message":"Creation of dynamic property WC_Connect_Loader::$label_reports is deprecated","file":"C:\\xampp\\htdocs\\clad\\wp-content\\plugins\\woocommerce-services\\woocommerce-services.php","line":515}

Aug 13 2023 21:34:23
{"type":8192,"message":"Creation of dynamic property WC_Connect_Loader::$label_reports is deprecated","file":"C:\\xampp\\htdocs\\clad\\wp-content\\plugins\\woocommerce-services\\woocommerce-services.php","line":515}

Aug 13 2023 21:34:25
{"type":8192,"message":"Creation of dynamic property WC_Connect_Loader::$label_reports is deprecated","file":"C:\\xampp\\htdocs\\clad\\wp-content\\plugins\\woocommerce-services\\woocommerce-services.php","line":515}

Aug 13 2023 21:34:27
{"type":8192,"message":"Creation of dynamic property WC_Connect_Loader::$label_reports is deprecated","file":"C:\\xampp\\htdocs\\clad\\wp-content\\plugins\\woocommerce-services\\woocommerce-services.php","line":515}

Aug 13 2023 21:34:28
{"type":8192,"message":"Creation of dynamic property WC_Connect_Loader::$label_reports is deprecated","file":"C:\\xampp\\htdocs\\clad\\wp-content\\plugins\\woocommerce-services\\woocommerce-services.php","line":515}

Aug 13 2023 21:34:29
{"type":8192,"message":"Creation of dynamic property WC_Connect_Loader::$label_reports is deprecated","file":"C:\\xampp\\htdocs\\clad\\wp-content\\plugins\\woocommerce-services\\woocommerce-services.php","line":515}

Aug 13 2023 21:34:32
{"type":8192,"message":"Creation of dynamic property WC_Connect_Loader::$label_reports is deprecated","file":"C:\\xampp\\htdocs\\clad\\wp-content\\plugins\\woocommerce-services\\woocommerce-services.php","line":515}

Aug 13 2023 21:34:34
{"type":8192,"message":"Creation of dynamic property WC_Connect_Loader::$label_reports is deprecated","file":"C:\\xampp\\htdocs\\clad\\wp-content\\plugins\\woocommerce-services\\woocommerce-services.php","line":515}

Aug 13 2023 21:34:34
{"type":8192,"message":"Creation of dynamic property WC_Connect_Loader::$label_reports is deprecated","file":"C:\\xampp\\htdocs\\clad\\wp-content\\plugins\\woocommerce-services\\woocommerce-services.php","line":515}

Aug 13 2023 21:34:40
{"type":8192,"message":"Creation of dynamic property WC_Connect_Loader::$label_reports is deprecated","file":"C:\\xampp\\htdocs\\clad\\wp-content\\plugins\\woocommerce-services\\woocommerce-services.php","line":515}

Aug 13 2023 21:34:41
{"type":8192,"message":"Creation of dynamic property WC_Connect_Loader::$label_reports is deprecated","file":"C:\\xampp\\htdocs\\clad\\wp-content\\plugins\\woocommerce-services\\woocommerce-services.php","line":515}

Aug 13 2023 21:34:44
{"type":8192,"message":"Creation of dynamic property WC_Connect_Loader::$label_reports is deprecated","file":"C:\\xampp\\htdocs\\clad\\wp-content\\plugins\\woocommerce-services\\woocommerce-services.php","line":515}

Aug 13 2023 21:34:45
{"type":8192,"message":"Creation of dynamic property WC_Connect_Loader::$label_reports is deprecated","file":"C:\\xampp\\htdocs\\clad\\wp-content\\plugins\\woocommerce-services\\woocommerce-services.php","line":515}

Aug 13 2023 21:34:47
{"type":8192,"message":"Creation of dynamic property WC_Connect_Loader::$label_reports is deprecated","file":"C:\\xampp\\htdocs\\clad\\wp-content\\plugins\\woocommerce-services\\woocommerce-services.php","line":515}

Aug 13 2023 21:34:50
{"type":8192,"message":"Creation of dynamic property WC_Connect_Loader::$label_reports is deprecated","file":"C:\\xampp\\htdocs\\clad\\wp-content\\plugins\\woocommerce-services\\woocommerce-services.php","line":515}

Aug 13 2023 21:34:51
{"type":8192,"message":"Creation of dynamic property WC_Connect_Loader::$label_reports is deprecated","file":"C:\\xampp\\htdocs\\clad\\wp-content\\plugins\\woocommerce-services\\woocommerce-services.php","line":515}

Aug 13 2023 21:34:53
{"type":8192,"message":"Creation of dynamic property WC_Connect_Loader::$label_reports is deprecated","file":"C:\\xampp\\htdocs\\clad\\wp-content\\plugins\\woocommerce-services\\woocommerce-services.php","line":515}

Aug 13 2023 21:34:57
{"type":8192,"message":"Creation of dynamic property WC_Connect_Loader::$label_reports is deprecated","file":"C:\\xampp\\htdocs\\clad\\wp-content\\plugins\\woocommerce-services\\woocommerce-services.php","line":515}

Aug 13 2023 21:35:03
{"type":8192,"message":"Creation of dynamic property WC_Connect_Loader::$label_reports is deprecated","file":"C:\\xampp\\htdocs\\clad\\wp-content\\plugins\\woocommerce-services\\woocommerce-services.php","line":515}

Aug 13 2023 21:35:05
{"type":8192,"message":"Creation of dynamic property WC_Connect_Loader::$label_reports is deprecated","file":"C:\\xampp\\htdocs\\clad\\wp-content\\plugins\\woocommerce-services\\woocommerce-services.php","line":515}

Aug 13 2023 21:35:09
{"type":8192,"message":"Creation of dynamic property WC_Connect_Loader::$label_reports is deprecated","file":"C:\\xampp\\htdocs\\clad\\wp-content\\plugins\\woocommerce-services\\woocommerce-services.php","line":515}

Aug 13 2023 21:35:16
{"type":8192,"message":"Creation of dynamic property WC_Connect_Loader::$label_reports is deprecated","file":"C:\\xampp\\htdocs\\clad\\wp-content\\plugins\\woocommerce-services\\woocommerce-services.php","line":515}

Aug 13 2023 21:35:18
{"type":8192,"message":"Creation of dynamic property WC_Connect_Loader::$label_reports is deprecated","file":"C:\\xampp\\htdocs\\clad\\wp-content\\plugins\\woocommerce-services\\woocommerce-services.php","line":515}

Aug 13 2023 21:35:23
{"type":8192,"message":"Creation of dynamic property WC_Connect_Loader::$label_reports is deprecated","file":"C:\\xampp\\htdocs\\clad\\wp-content\\plugins\\woocommerce-services\\woocommerce-services.php","line":515}

Aug 13 2023 21:35:29
{"type":8192,"message":"Creation of dynamic property WC_Connect_Loader::$label_reports is deprecated","file":"C:\\xampp\\htdocs\\clad\\wp-content\\plugins\\woocommerce-services\\woocommerce-services.php","line":515}

Aug 13 2023 21:35:31
{"type":8192,"message":"Creation of dynamic property WC_Connect_Loader::$label_reports is deprecated","file":"C:\\xampp\\htdocs\\clad\\wp-content\\plugins\\woocommerce-services\\woocommerce-services.php","line":515}

Aug 13 2023 21:35:36
{"type":8192,"message":"Creation of dynamic property WC_Connect_Loader::$label_reports is deprecated","file":"C:\\xampp\\htdocs\\clad\\wp-content\\plugins\\woocommerce-services\\woocommerce-services.php","line":515}

Aug 13 2023 21:35:42
{"type":8192,"message":"Creation of dynamic property WC_Connect_Loader::$label_reports is deprecated","file":"C:\\xampp\\htdocs\\clad\\wp-content\\plugins\\woocommerce-services\\woocommerce-services.php","line":515}

Aug 13 2023 21:35:42
{"type":8192,"message":"Creation of dynamic property WC_Connect_Loader::$label_reports is deprecated","file":"C:\\xampp\\htdocs\\clad\\wp-content\\plugins\\woocommerce-services\\woocommerce-services.php","line":515}

Aug 13 2023 21:35:49
{"type":8192,"message":"Creation of dynamic property WC_Connect_Loader::$label_reports is deprecated","file":"C:\\xampp\\htdocs\\clad\\wp-content\\plugins\\woocommerce-services\\woocommerce-services.php","line":515}

Aug 13 2023 21:35:55
{"type":8192,"message":"Creation of dynamic property WC_Connect_Loader::$label_reports is deprecated","file":"C:\\xampp\\htdocs\\clad\\wp-content\\plugins\\woocommerce-services\\woocommerce-services.php","line":515}

Aug 13 2023 21:35:55
{"type":8192,"message":"Creation of dynamic property WC_Connect_Loader::$label_reports is deprecated","file":"C:\\xampp\\htdocs\\clad\\wp-content\\plugins\\woocommerce-services\\woocommerce-services.php","line":515}

Aug 13 2023 21:36:01
{"type":8192,"message":"Creation of dynamic property WC_Connect_Loader::$label_reports is deprecated","file":"C:\\xampp\\htdocs\\clad\\wp-content\\plugins\\woocommerce-services\\woocommerce-services.php","line":515}

Aug 13 2023 21:36:07
{"type":8192,"message":"Creation of dynamic property WC_Connect_Loader::$label_reports is deprecated","file":"C:\\xampp\\htdocs\\clad\\wp-content\\plugins\\woocommerce-services\\woocommerce-services.php","line":515}

Aug 13 2023 21:36:07
{"type":8192,"message":"Creation of dynamic property WC_Connect_Loader::$label_reports is deprecated","file":"C:\\xampp\\htdocs\\clad\\wp-content\\plugins\\woocommerce-services\\woocommerce-services.php","line":515}

Aug 13 2023 21:36:12
{"type":8192,"message":"Creation of dynamic property WC_Connect_Loader::$label_reports is deprecated","file":"C:\\xampp\\htdocs\\clad\\wp-content\\plugins\\woocommerce-services\\woocommerce-services.php","line":515}

Aug 13 2023 21:36:19
{"type":8192,"message":"Creation of dynamic property WC_Connect_Loader::$label_reports is deprecated","file":"C:\\xampp\\htdocs\\clad\\wp-content\\plugins\\woocommerce-services\\woocommerce-services.php","line":515}

Aug 13 2023 21:36:19
{"type":8192,"message":"Creation of dynamic property WC_Connect_Loader::$label_reports is deprecated","file":"C:\\xampp\\htdocs\\clad\\wp-content\\plugins\\woocommerce-services\\woocommerce-services.php","line":515}

Aug 13 2023 21:36:25
{"type":8192,"message":"Creation of dynamic property WC_Connect_Loader::$label_reports is deprecated","file":"C:\\xampp\\htdocs\\clad\\wp-content\\plugins\\woocommerce-services\\woocommerce-services.php","line":515}

Aug 13 2023 21:36:31
{"type":8192,"message":"Creation of dynamic property WC_Connect_Loader::$label_reports is deprecated","file":"C:\\xampp\\htdocs\\clad\\wp-content\\plugins\\woocommerce-services\\woocommerce-services.php","line":515}

Aug 13 2023 21:36:31
{"type":8192,"message":"Creation of dynamic property WC_Connect_Loader::$label_reports is deprecated","file":"C:\\xampp\\htdocs\\clad\\wp-content\\plugins\\woocommerce-services\\woocommerce-services.php","line":515}

Aug 13 2023 21:36:38
{"type":8192,"message":"Creation of dynamic property WC_Connect_Loader::$label_reports is deprecated","file":"C:\\xampp\\htdocs\\clad\\wp-content\\plugins\\woocommerce-services\\woocommerce-services.php","line":515}

Aug 13 2023 21:36:44
{"type":8192,"message":"Creation of dynamic property WC_Connect_Loader::$label_reports is deprecated","file":"C:\\xampp\\htdocs\\clad\\wp-content\\plugins\\woocommerce-services\\woocommerce-services.php","line":515}

Aug 13 2023 21:36:44
{"type":8192,"message":"Creation of dynamic property WC_Connect_Loader::$label_reports is deprecated","file":"C:\\xampp\\htdocs\\clad\\wp-content\\plugins\\woocommerce-services\\woocommerce-services.php","line":515}

Aug 13 2023 21:36:50
{"type":8192,"message":"Creation of dynamic property WC_Connect_Loader::$label_reports is deprecated","file":"C:\\xampp\\htdocs\\clad\\wp-content\\plugins\\woocommerce-services\\woocommerce-services.php","line":515}

Aug 13 2023 21:36:55
{"type":8192,"message":"Creation of dynamic property WC_Connect_Loader::$label_reports is deprecated","file":"C:\\xampp\\htdocs\\clad\\wp-content\\plugins\\woocommerce-services\\woocommerce-services.php","line":515}

Aug 13 2023 21:36:57
{"type":8192,"message":"Creation of dynamic property WC_Connect_Loader::$label_reports is deprecated","file":"C:\\xampp\\htdocs\\clad\\wp-content\\plugins\\woocommerce-services\\woocommerce-services.php","line":515}

Aug 13 2023 21:37:02
{"type":8192,"message":"Creation of dynamic property WC_Connect_Loader::$label_reports is deprecated","file":"C:\\xampp\\htdocs\\clad\\wp-content\\plugins\\woocommerce-services\\woocommerce-services.php","line":515}

Aug 13 2023 21:37:07
{"type":8192,"message":"Creation of dynamic property WC_Connect_Loader::$label_reports is deprecated","file":"C:\\xampp\\htdocs\\clad\\wp-content\\plugins\\woocommerce-services\\woocommerce-services.php","line":515}

Aug 13 2023 21:37:11
{"type":8192,"message":"Creation of dynamic property WC_Connect_Loader::$label_reports is deprecated","file":"C:\\xampp\\htdocs\\clad\\wp-content\\plugins\\woocommerce-services\\woocommerce-services.php","line":515}

Aug 13 2023 21:37:14
{"type":8192,"message":"Creation of dynamic property WC_Connect_Loader::$label_reports is deprecated","file":"C:\\xampp\\htdocs\\clad\\wp-content\\plugins\\woocommerce-services\\woocommerce-services.php","line":515}

Aug 13 2023 21:37:20
{"type":8192,"message":"Creation of dynamic property WC_Connect_Loader::$label_reports is deprecated","file":"C:\\xampp\\htdocs\\clad\\wp-content\\plugins\\woocommerce-services\\woocommerce-services.php","line":515}

Aug 13 2023 21:37:24
{"type":8192,"message":"Creation of dynamic property WC_Connect_Loader::$label_reports is deprecated","file":"C:\\xampp\\htdocs\\clad\\wp-content\\plugins\\woocommerce-services\\woocommerce-services.php","line":515}

Aug 13 2023 21:37:26
{"type":8192,"message":"Creation of dynamic property WC_Connect_Loader::$label_reports is deprecated","file":"C:\\xampp\\htdocs\\clad\\wp-content\\plugins\\woocommerce-services\\woocommerce-services.php","line":515}

Aug 13 2023 21:37:32
{"type":8192,"message":"Creation of dynamic property WC_Connect_Loader::$label_reports is deprecated","file":"C:\\xampp\\htdocs\\clad\\wp-content\\plugins\\woocommerce-services\\woocommerce-services.php","line":515}

Aug 13 2023 21:37:36
{"type":8192,"message":"Creation of dynamic property WC_Connect_Loader::$label_reports is deprecated","file":"C:\\xampp\\htdocs\\clad\\wp-content\\plugins\\woocommerce-services\\woocommerce-services.php","line":515}

Aug 13 2023 21:37:38
{"type":8192,"message":"Creation of dynamic property WC_Connect_Loader::$label_reports is deprecated","file":"C:\\xampp\\htdocs\\clad\\wp-content\\plugins\\woocommerce-services\\woocommerce-services.php","line":515}

Aug 13 2023 21:37:43
{"type":8192,"message":"Creation of dynamic property WC_Connect_Loader::$label_reports is deprecated","file":"C:\\xampp\\htdocs\\clad\\wp-content\\plugins\\woocommerce-services\\woocommerce-services.php","line":515}

Aug 13 2023 21:37:49
{"type":8192,"message":"Creation of dynamic property WC_Connect_Loader::$label_reports is deprecated","file":"C:\\xampp\\htdocs\\clad\\wp-content\\plugins\\woocommerce-services\\woocommerce-services.php","line":515}

Aug 13 2023 21:37:49
{"type":8192,"message":"Creation of dynamic property WC_Connect_Loader::$label_reports is deprecated","file":"C:\\xampp\\htdocs\\clad\\wp-content\\plugins\\woocommerce-services\\woocommerce-services.php","line":515}

Aug 13 2023 21:37:56
{"type":8192,"message":"Creation of dynamic property WC_Connect_Loader::$label_reports is deprecated","file":"C:\\xampp\\htdocs\\clad\\wp-content\\plugins\\woocommerce-services\\woocommerce-services.php","line":515}

Aug 13 2023 21:38:01
{"type":8192,"message":"Creation of dynamic property WC_Connect_Loader::$label_reports is deprecated","file":"C:\\xampp\\htdocs\\clad\\wp-content\\plugins\\woocommerce-services\\woocommerce-services.php","line":515}

Aug 13 2023 21:38:02
{"type":8192,"message":"Creation of dynamic property WC_Connect_Loader::$label_reports is deprecated","file":"C:\\xampp\\htdocs\\clad\\wp-content\\plugins\\woocommerce-services\\woocommerce-services.php","line":515}

Aug 13 2023 21:38:07
{"type":8192,"message":"Creation of dynamic property WC_Connect_Loader::$label_reports is deprecated","file":"C:\\xampp\\htdocs\\clad\\wp-content\\plugins\\woocommerce-services\\woocommerce-services.php","line":515}

Aug 13 2023 21:38:13
{"type":8192,"message":"Creation of dynamic property WC_Connect_Loader::$label_reports is deprecated","file":"C:\\xampp\\htdocs\\clad\\wp-content\\plugins\\woocommerce-services\\woocommerce-services.php","line":515}

Aug 13 2023 21:38:14
{"type":8192,"message":"Creation of dynamic property WC_Connect_Loader::$label_reports is deprecated","file":"C:\\xampp\\htdocs\\clad\\wp-content\\plugins\\woocommerce-services\\woocommerce-services.php","line":515}

Aug 13 2023 21:38:21
{"type":8192,"message":"Creation of dynamic property WC_Connect_Loader::$label_reports is deprecated","file":"C:\\xampp\\htdocs\\clad\\wp-content\\plugins\\woocommerce-services\\woocommerce-services.php","line":515}

Aug 13 2023 21:38:27
{"type":8192,"message":"Creation of dynamic property WC_Connect_Loader::$label_reports is deprecated","file":"C:\\xampp\\htdocs\\clad\\wp-content\\plugins\\woocommerce-services\\woocommerce-services.php","line":515}

Aug 13 2023 21:38:27
{"type":8192,"message":"Creation of dynamic property WC_Connect_Loader::$label_reports is deprecated","file":"C:\\xampp\\htdocs\\clad\\wp-content\\plugins\\woocommerce-services\\woocommerce-services.php","line":515}

Aug 13 2023 21:38:33
{"type":8192,"message":"Creation of dynamic property WC_Connect_Loader::$label_reports is deprecated","file":"C:\\xampp\\htdocs\\clad\\wp-content\\plugins\\woocommerce-services\\woocommerce-services.php","line":515}

Aug 13 2023 21:38:39
{"type":8192,"message":"Creation of dynamic property WC_Connect_Loader::$label_reports is deprecated","file":"C:\\xampp\\htdocs\\clad\\wp-content\\plugins\\woocommerce-services\\woocommerce-services.php","line":515}

Aug 13 2023 21:38:39
{"type":8192,"message":"Creation of dynamic property WC_Connect_Loader::$label_reports is deprecated","file":"C:\\xampp\\htdocs\\clad\\wp-content\\plugins\\woocommerce-services\\woocommerce-services.php","line":515}

Aug 13 2023 21:38:46
{"type":8192,"message":"Creation of dynamic property WC_Connect_Loader::$label_reports is deprecated","file":"C:\\xampp\\htdocs\\clad\\wp-content\\plugins\\woocommerce-services\\woocommerce-services.php","line":515}

Aug 13 2023 21:38:52
{"type":8192,"message":"Creation of dynamic property WC_Connect_Loader::$label_reports is deprecated","file":"C:\\xampp\\htdocs\\clad\\wp-content\\plugins\\woocommerce-services\\woocommerce-services.php","line":515}

Aug 13 2023 21:38:52
{"type":8192,"message":"Creation of dynamic property WC_Connect_Loader::$label_reports is deprecated","file":"C:\\xampp\\htdocs\\clad\\wp-content\\plugins\\woocommerce-services\\woocommerce-services.php","line":515}

Aug 13 2023 21:38:58
{"type":8192,"message":"Creation of dynamic property WC_Connect_Loader::$label_reports is deprecated","file":"C:\\xampp\\htdocs\\clad\\wp-content\\plugins\\woocommerce-services\\woocommerce-services.php","line":515}

Aug 13 2023 21:39:05
{"type":8192,"message":"Creation of dynamic property WC_Connect_Loader::$label_reports is deprecated","file":"C:\\xampp\\htdocs\\clad\\wp-content\\plugins\\woocommerce-services\\woocommerce-services.php","line":515}

Aug 13 2023 21:39:05
{"type":8192,"message":"Creation of dynamic property WC_Connect_Loader::$label_reports is deprecated","file":"C:\\xampp\\htdocs\\clad\\wp-content\\plugins\\woocommerce-services\\woocommerce-services.php","line":515}

Aug 13 2023 21:39:11
{"type":8192,"message":"Creation of dynamic property WC_Connect_Loader::$label_reports is deprecated","file":"C:\\xampp\\htdocs\\clad\\wp-content\\plugins\\woocommerce-services\\woocommerce-services.php","line":515}

Aug 13 2023 21:39:18
{"type":8192,"message":"Creation of dynamic property WC_Connect_Loader::$label_reports is deprecated","file":"C:\\xampp\\htdocs\\clad\\wp-content\\plugins\\woocommerce-services\\woocommerce-services.php","line":515}

Aug 13 2023 21:39:19
{"type":8192,"message":"Creation of dynamic property WC_Connect_Loader::$label_reports is deprecated","file":"C:\\xampp\\htdocs\\clad\\wp-content\\plugins\\woocommerce-services\\woocommerce-services.php","line":515}

Aug 13 2023 21:39:25
{"type":8192,"message":"Creation of dynamic property WC_Connect_Loader::$label_reports is deprecated","file":"C:\\xampp\\htdocs\\clad\\wp-content\\plugins\\woocommerce-services\\woocommerce-services.php","line":515}

Aug 13 2023 21:39:27
{"Number":2,"Message":"rmdir(C:\\xampp\\htdocs\\clad\\wp-content\\plugins\\all-in-one-wp-migration\\storage\\yplefh3ijb7p): Directory not empty","File":"C:\\xampp\\htdocs\\clad\\wp-content\\plugins\\all-in-one-wp-migration\\lib\\vendor\\servmask\\filesystem\\class-ai1wm-directory.php","Line":72}

Aug 13 2023 21:39:27
{"type":8192,"message":"Creation of dynamic property WC_Connect_Loader::$label_reports is deprecated","file":"C:\\xampp\\htdocs\\clad\\wp-content\\plugins\\woocommerce-services\\woocommerce-services.php","line":515}

Aug 13 2023 21:39:28
{"Number":2,"Message":"unlink(C:\\xampp\\htdocs\\clad\\wp-content\\plugins\\all-in-one-wp-migration\\storage\\yplefh3ijb7p\\localhost-clad-20230814-003419-naef9p.wpress): Permission denied","File":"C:\\xampp\\htdocs\\clad\\wp-content\\plugins\\all-in-one-wp-migration\\lib\\vendor\\servmask\\filesystem\\class-ai1wm-directory.php","Line":66}

Aug 13 2023 21:39:28
{"Number":2,"Message":"unlink(C:\\xampp\\htdocs\\clad\\wp-content\\plugins\\all-in-one-wp-migration\\storage\\yplefh3ijb7p\\plugins.list): Permission denied","File":"C:\\xampp\\htdocs\\clad\\wp-content\\plugins\\all-in-one-wp-migration\\lib\\vendor\\servmask\\filesystem\\class-ai1wm-directory.php","Line":66}

Aug 13 2023 21:39:28
{"Number":2,"Message":"rmdir(C:\\xampp\\htdocs\\clad\\wp-content\\plugins\\all-in-one-wp-migration\\storage\\yplefh3ijb7p): Directory not empty","File":"C:\\xampp\\htdocs\\clad\\wp-content\\plugins\\all-in-one-wp-migration\\lib\\vendor\\servmask\\filesystem\\class-ai1wm-directory.php","Line":72}

Aug 13 2023 21:39:28
{"type":8192,"message":"Creation of dynamic property WC_Connect_Loader::$label_reports is deprecated","file":"C:\\xampp\\htdocs\\clad\\wp-content\\plugins\\woocommerce-services\\woocommerce-services.php","line":515}

Aug 13 2023 21:39:32
{"Number":2,"Message":"filesize(): stat failed for C:\\xampp\\htdocs\\clad\\wp-content\\plugins\\all-in-one-wp-migration\\storage\\yplefh3ijb7p\\localhost-clad-20230814-003419-naef9p.wpress","File":"C:\\xampp\\htdocs\\clad\\wp-content\\plugins\\all-in-one-wp-migration\\lib\\vendor\\servmask\\archiver\\class-ai1wm-archiver.php","Line":231}

Aug 13 2023 21:39:32
{"type":8192,"message":"Creation of dynamic property WC_Connect_Loader::$label_reports is deprecated","file":"C:\\xampp\\htdocs\\clad\\wp-content\\plugins\\woocommerce-services\\woocommerce-services.php","line":515}

